# JRE version: OpenJDK Runtime Environment (11.0.13) (build 11.0.13+0-b1751.21-8125866)
# Java VM: OpenJDK 64-Bit Server VM (11.0.13+0-b1751.21-8125866, mixed mode, tiered, compressed oops, g1 gc, windows-amd64)
Heap:
 garbage-first heap   total 811008K, used 226301K [0x0000000080000000, 0x0000000100000000)
  region size 1024K, 3 young (3072K), 3 survivors (3072K)
 Metaspace       used 131960K, capacity 135283K, committed 135388K, reserved 1167360K
  class space    used 15975K, capacity 17246K, committed 17312K, reserved 1048576K
GC Heap History (20 events):
Event: 204.010 GC heap after
{Heap after GC invocations=75 (full 0):
 garbage-first heap   total 460800K, used 176010K [0x0000000080000000, 0x0000000100000000)
  region size 1024K, 3 young (3072K), 3 survivors (3072K)
 Metaspace       used 131454K, capacity 134798K, committed 134876K, reserved 1167360K
  class space    used 15974K, capacity 17245K, committed 17312K, reserved 1048576K
}
Event: 204.220 GC heap before
{Heap before GC invocations=75 (full 0):
 garbage-first heap   total 460800K, used 195466K [0x0000000080000000, 0x0000000100000000)
  region size 1024K, 22 young (22528K), 3 survivors (3072K)
 Metaspace       used 131460K, capacity 134799K, committed 134876K, reserved 1167360K
  class space    used 15974K, capacity 17245K, committed 17312K, reserved 1048576K
}
Event: 204.236 GC heap after
{Heap after GC invocations=76 (full 0):
 garbage-first heap   total 460800K, used 168960K [0x0000000080000000, 0x0000000100000000)
  region size 1024K, 3 young (3072K), 3 survivors (3072K)
 Metaspace       used 131460K, capacity 134799K, committed 134876K, reserved 1167360K
  class space    used 15974K, capacity 17245K, committed 17312K, reserved 1048576K
}
Event: 204.799 GC heap before
{Heap before GC invocations=76 (full 0):
 garbage-first heap   total 460800K, used 188416K [0x0000000080000000, 0x0000000100000000)
  region size 1024K, 22 young (22528K), 3 survivors (3072K)
 Metaspace       used 131478K, capacity 134799K, committed 134876K, reserved 1167360K
  class space    used 15974K, capacity 17245K, committed 17312K, reserved 1048576K
}
Event: 204.824 GC heap after
{Heap after GC invocations=77 (full 0):
 garbage-first heap   total 460800K, used 164663K [0x0000000080000000, 0x0000000100000000)
  region size 1024K, 2 young (2048K), 2 survivors (2048K)
 Metaspace       used 131478K, capacity 134799K, committed 134876K, reserved 1167360K
  class space    used 15974K, capacity 17245K, committed 17312K, reserved 1048576K
}
Event: 205.677 GC heap before
{Heap before GC invocations=77 (full 0):
 garbage-first heap   total 460800K, used 214839K [0x0000000080000000, 0x0000000100000000)
  region size 1024K, 51 young (52224K), 2 survivors (2048K)
 Metaspace       used 131542K, capacity 134863K, committed 135132K, reserved 1167360K
  class space    used 15974K, capacity 17245K, committed 17312K, reserved 1048576K
}
Event: 205.713 GC heap after
{Heap after GC invocations=78 (full 0):
 garbage-first heap   total 460800K, used 172406K [0x0000000080000000, 0x0000000100000000)
  region size 1024K, 7 young (7168K), 7 survivors (7168K)
 Metaspace       used 131542K, capacity 134863K, committed 135132K, reserved 1167360K
  class space    used 15974K, capacity 17245K, committed 17312K, reserved 1048576K
}
Event: 210.578 GC heap before
{Heap before GC invocations=79 (full 0):
 garbage-first heap   total 460800K, used 251254K [0x0000000080000000, 0x0000000100000000)
  region size 1024K, 89 young (91136K), 7 survivors (7168K)
 Metaspace       used 131856K, capacity 135133K, committed 135388K, reserved 1167360K
  class space    used 15975K, capacity 17246K, committed 17312K, reserved 1048576K
}
Event: 210.690 GC heap after
{Heap after GC invocations=80 (full 0):
 garbage-first heap   total 460800K, used 163992K [0x0000000080000000, 0x0000000100000000)
  region size 1024K, 10 young (10240K), 10 survivors (10240K)
 Metaspace       used 131856K, capacity 135133K, committed 135388K, reserved 1167360K
  class space    used 15975K, capacity 17246K, committed 17312K, reserved 1048576K
}
Event: 210.805 GC heap before
{Heap before GC invocations=80 (full 0):
 garbage-first heap   total 460800K, used 189592K [0x0000000080000000, 0x0000000100000000)
  region size 1024K, 22 young (22528K), 10 survivors (10240K)
 Metaspace       used 131859K, capacity 135133K, committed 135388K, reserved 1167360K
  class space    used 15975K, capacity 17246K, committed 17312K, reserved 1048576K
}
Event: 210.849 GC heap after
{Heap after GC invocations=81 (full 0):
 garbage-first heap   total 460800K, used 162320K [0x0000000080000000, 0x0000000100000000)
  region size 1024K, 3 young (3072K), 3 survivors (3072K)
 Metaspace       used 131859K, capacity 135133K, committed 135388K, reserved 1167360K
  class space    used 15975K, capacity 17246K, committed 17312K, reserved 1048576K
}
Event: 210.959 GC heap before
{Heap before GC invocations=81 (full 0):
 garbage-first heap   total 460800K, used 184848K [0x0000000080000000, 0x0000000100000000)
  region size 1024K, 26 young (26624K), 3 survivors (3072K)
 Metaspace       used 131859K, capacity 135133K, committed 135388K, reserved 1167360K
  class space    used 15975K, capacity 17246K, committed 17312K, reserved 1048576K
}
Event: 210.996 GC heap after
{Heap after GC invocations=82 (full 0):
 garbage-first heap   total 460800K, used 171705K [0x0000000080000000, 0x0000000100000000)
  region size 1024K, 6 young (6144K), 6 survivors (6144K)
 Metaspace       used 131859K, capacity 135133K, committed 135388K, reserved 1167360K
  class space    used 15975K, capacity 17246K, committed 17312K, reserved 1048576K
}
Event: 211.871 GC heap before
{Heap before GC invocations=82 (full 0):
 garbage-first heap   total 460800K, used 248505K [0x0000000080000000, 0x0000000100000000)
  region size 1024K, 81 young (82944K), 6 survivors (6144K)
 Metaspace       used 131870K, capacity 135197K, committed 135388K, reserved 1167360K
  class space    used 15975K, capacity 17246K, committed 17312K, reserved 1048576K
}
Event: 212.457 GC heap after
{Heap after GC invocations=83 (full 0):
 garbage-first heap   total 460800K, used 209721K [0x0000000080000000, 0x0000000100000000)
  region size 1024K, 11 young (11264K), 11 survivors (11264K)
 Metaspace       used 131870K, capacity 135197K, committed 135388K, reserved 1167360K
  class space    used 15975K, capacity 17246K, committed 17312K, reserved 1048576K
}
Event: 212.801 GC heap before
{Heap before GC invocations=83 (full 0):
 garbage-first heap   total 460800K, used 234297K [0x0000000080000000, 0x0000000100000000)
  region size 1024K, 35 young (35840K), 11 survivors (11264K)
 Metaspace       used 131875K, capacity 135197K, committed 135388K, reserved 1167360K
  class space    used 15975K, capacity 17246K, committed 17312K, reserved 1048576K
}
Event: 213.014 GC heap after
{Heap after GC invocations=84 (full 0):
 garbage-first heap   total 460800K, used 223744K [0x0000000080000000, 0x0000000100000000)
  region size 1024K, 5 young (5120K), 5 survivors (5120K)
 Metaspace       used 131875K, capacity 135197K, committed 135388K, reserved 1167360K
  class space    used 15975K, capacity 17246K, committed 17312K, reserved 1048576K
}
Event: 213.784 GC heap before
{Heap before GC invocations=85 (full 0):
 garbage-first heap   total 460800K, used 265728K [0x0000000080000000, 0x0000000100000000)
  region size 1024K, 47 young (48128K), 5 survivors (5120K)
 Metaspace       used 131948K, capacity 135277K, committed 135388K, reserved 1167360K
  class space    used 15975K, capacity 17246K, committed 17312K, reserved 1048576K
}
Event: 213.843 GC heap after
{Heap after GC invocations=86 (full 0):
 garbage-first heap   total 460800K, used 231936K [0x0000000080000000, 0x0000000100000000)
  region size 1024K, 6 young (6144K), 6 survivors (6144K)
 Metaspace       used 131948K, capacity 135277K, committed 135388K, reserved 1167360K
  class space    used 15975K, capacity 17246K, committed 17312K, reserved 1048576K
}
Event: 213.966 GC heap before
{Heap before GC invocations=86 (full 0):
 garbage-first heap   total 460800K, used 248320K [0x0000000080000000, 0x0000000100000000)
  region size 1024K, 22 young (22528K), 6 survivors (6144K)
 Metaspace       used 131960K, capacity 135283K, committed 135388K, reserved 1167360K
  class space    used 15975K, capacity 17246K, committed 17312K, reserved 1048576K
}

