# JRE version: OpenJDK Runtime Environment (11.0.13) (build 11.0.13+0-b1751.21-8125866)
# Java VM: OpenJDK 64-Bit Server VM (11.0.13+0-b1751.21-8125866, mixed mode, tiered, compressed oops, g1 gc, windows-amd64)
Heap:
 garbage-first heap   total 432128K, used 198192K [0x0000000080000000, 0x0000000100000000)
  region size 1024K, 5 young (5120K), 5 survivors (5120K)
 Metaspace       used 159383K, capacity 163502K, committed 163836K, reserved 1191936K
  class space    used 19435K, capacity 20942K, committed 21068K, reserved 1048576K
GC Heap History (20 events):
Event: 7076.561 GC heap after
{Heap after GC invocations=121 (full 0):
 garbage-first heap   total 270336K, used 226750K [0x0000000080000000, 0x0000000100000000)
  region size 1024K, 2 young (2048K), 2 survivors (2048K)
 Metaspace       used 156628K, capacity 160592K, committed 160764K, reserved 1189888K
  class space    used 19205K, capacity 20659K, committed 20812K, reserved 1048576K
}
Event: 7076.641 GC heap before
{Heap before GC invocations=121 (full 0):
 garbage-first heap   total 270336K, used 238014K [0x0000000080000000, 0x0000000100000000)
  region size 1024K, 13 young (13312K), 2 survivors (2048K)
 Metaspace       used 156637K, capacity 160592K, committed 160764K, reserved 1189888K
  class space    used 19205K, capacity 20659K, committed 20812K, reserved 1048576K
}
Event: 7076.655 GC heap after
{Heap after GC invocations=122 (full 0):
 garbage-first heap   total 270336K, used 226464K [0x0000000080000000, 0x0000000100000000)
  region size 1024K, 2 young (2048K), 2 survivors (2048K)
 Metaspace       used 156637K, capacity 160592K, committed 160764K, reserved 1189888K
  class space    used 19205K, capacity 20659K, committed 20812K, reserved 1048576K
}
Event: 7076.719 GC heap before
{Heap before GC invocations=122 (full 0):
 garbage-first heap   total 270336K, used 237728K [0x0000000080000000, 0x0000000100000000)
  region size 1024K, 13 young (13312K), 2 survivors (2048K)
 Metaspace       used 156643K, capacity 160592K, committed 160764K, reserved 1189888K
  class space    used 19205K, capacity 20659K, committed 20812K, reserved 1048576K
}
Event: 7076.727 GC heap after
{Heap after GC invocations=123 (full 0):
 garbage-first heap   total 270336K, used 228909K [0x0000000080000000, 0x0000000100000000)
  region size 1024K, 2 young (2048K), 2 survivors (2048K)
 Metaspace       used 156643K, capacity 160592K, committed 160764K, reserved 1189888K
  class space    used 19205K, capacity 20659K, committed 20812K, reserved 1048576K
}
Event: 7076.772 GC heap before
{Heap before GC invocations=123 (full 0):
 garbage-first heap   total 270336K, used 240173K [0x0000000080000000, 0x0000000100000000)
  region size 1024K, 13 young (13312K), 2 survivors (2048K)
 Metaspace       used 156665K, capacity 160592K, committed 160764K, reserved 1189888K
  class space    used 19205K, capacity 20659K, committed 20812K, reserved 1048576K
}
Event: 7076.780 GC heap after
{Heap after GC invocations=124 (full 0):
 garbage-first heap   total 270336K, used 231997K [0x0000000080000000, 0x0000000100000000)
  region size 1024K, 2 young (2048K), 2 survivors (2048K)
 Metaspace       used 156665K, capacity 160592K, committed 160764K, reserved 1189888K
  class space    used 19205K, capacity 20659K, committed 20812K, reserved 1048576K
}
Event: 7076.821 GC heap before
{Heap before GC invocations=124 (full 0):
 garbage-first heap   total 270336K, used 243261K [0x0000000080000000, 0x0000000100000000)
  region size 1024K, 13 young (13312K), 2 survivors (2048K)
 Metaspace       used 156673K, capacity 160592K, committed 160764K, reserved 1189888K
  class space    used 19205K, capacity 20659K, committed 20812K, reserved 1048576K
}
Event: 7076.828 GC heap after
{Heap after GC invocations=125 (full 0):
 garbage-first heap   total 270336K, used 235921K [0x0000000080000000, 0x0000000100000000)
  region size 1024K, 2 young (2048K), 2 survivors (2048K)
 Metaspace       used 156673K, capacity 160592K, committed 160764K, reserved 1189888K
  class space    used 19205K, capacity 20659K, committed 20812K, reserved 1048576K
}
Event: 7077.146 GC heap before
{Heap before GC invocations=126 (full 0):
 garbage-first heap   total 270336K, used 230801K [0x0000000080000000, 0x0000000100000000)
  region size 1024K, 13 young (13312K), 2 survivors (2048K)
 Metaspace       used 156682K, capacity 160592K, committed 160764K, reserved 1189888K
  class space    used 19205K, capacity 20659K, committed 20812K, reserved 1048576K
}
Event: 7077.155 GC heap after
{Heap after GC invocations=127 (full 0):
 garbage-first heap   total 338944K, used 220912K [0x0000000080000000, 0x0000000100000000)
  region size 1024K, 1 young (1024K), 1 survivors (1024K)
 Metaspace       used 156682K, capacity 160592K, committed 160764K, reserved 1189888K
  class space    used 19205K, capacity 20659K, committed 20812K, reserved 1048576K
}
Event: 7077.325 GC heap before
{Heap before GC invocations=127 (full 0):
 garbage-first heap   total 338944K, used 236272K [0x0000000080000000, 0x0000000100000000)
  region size 1024K, 16 young (16384K), 1 survivors (1024K)
 Metaspace       used 156689K, capacity 160592K, committed 160764K, reserved 1189888K
  class space    used 19205K, capacity 20659K, committed 20812K, reserved 1048576K
}
Event: 7077.335 GC heap after
{Heap after GC invocations=128 (full 0):
 garbage-first heap   total 338944K, used 206691K [0x0000000080000000, 0x0000000100000000)
  region size 1024K, 1 young (1024K), 1 survivors (1024K)
 Metaspace       used 156689K, capacity 160592K, committed 160764K, reserved 1189888K
  class space    used 19205K, capacity 20659K, committed 20812K, reserved 1048576K
}
Event: 7079.162 GC heap before
{Heap before GC invocations=128 (full 0):
 garbage-first heap   total 338944K, used 251747K [0x0000000080000000, 0x0000000100000000)
  region size 1024K, 46 young (47104K), 1 survivors (1024K)
 Metaspace       used 156888K, capacity 160785K, committed 161020K, reserved 1189888K
  class space    used 19207K, capacity 20659K, committed 20812K, reserved 1048576K
}
Event: 7079.169 GC heap after
{Heap after GC invocations=129 (full 0):
 garbage-first heap   total 338944K, used 207179K [0x0000000080000000, 0x0000000100000000)
  region size 1024K, 1 young (1024K), 1 survivors (1024K)
 Metaspace       used 156888K, capacity 160785K, committed 161020K, reserved 1189888K
  class space    used 19207K, capacity 20659K, committed 20812K, reserved 1048576K
}
Event: 7081.120 GC heap before
{Heap before GC invocations=130 (full 0):
 garbage-first heap   total 338944K, used 252235K [0x0000000080000000, 0x0000000100000000)
  region size 1024K, 51 young (52224K), 1 survivors (1024K)
 Metaspace       used 157864K, capacity 161807K, committed 162044K, reserved 1189888K
  class space    used 19287K, capacity 20753K, committed 20812K, reserved 1048576K
}
Event: 7081.134 GC heap after
{Heap after GC invocations=131 (full 0):
 garbage-first heap   total 338944K, used 206551K [0x0000000080000000, 0x0000000100000000)
  region size 1024K, 6 young (6144K), 6 survivors (6144K)
 Metaspace       used 157864K, capacity 161807K, committed 162044K, reserved 1189888K
  class space    used 19287K, capacity 20753K, committed 20812K, reserved 1048576K
}
Event: 7081.318 GC heap before
{Heap before GC invocations=131 (full 0):
 garbage-first heap   total 338944K, used 216791K [0x0000000080000000, 0x0000000100000000)
  region size 1024K, 16 young (16384K), 6 survivors (6144K)
 Metaspace       used 158364K, capacity 162278K, committed 162556K, reserved 1191936K
  class space    used 19311K, capacity 20756K, committed 20812K, reserved 1048576K
}
Event: 7081.340 GC heap after
{Heap after GC invocations=132 (full 0):
 garbage-first heap   total 338944K, used 194382K [0x0000000080000000, 0x0000000100000000)
  region size 1024K, 1 young (1024K), 1 survivors (1024K)
 Metaspace       used 158364K, capacity 162278K, committed 162556K, reserved 1191936K
  class space    used 19311K, capacity 20756K, committed 20812K, reserved 1048576K
}
Event: 7082.146 GC heap before
{Heap before GC invocations=132 (full 0):
 garbage-first heap   total 338944K, used 254798K [0x0000000080000000, 0x0000000100000000)
  region size 1024K, 61 young (62464K), 1 survivors (1024K)
 Metaspace       used 159383K, capacity 163502K, committed 163836K, reserved 1191936K
  class space    used 19435K, capacity 20942K, committed 21068K, reserved 1048576K
}

